Copyright 1986-2021 Xilinx, Inc. All Rights Reserved.
-------------------------------------------------------------------------------------
| Tool Version : Vivado v.2021.2 (lin64) Build 3367213 Tue Oct 19 02:47:39 MDT 2021
| Date         : Thu Mar 30 09:44:34 2023
| Host         : cad105.naist.jp running 64-bit CentOS Linux release 7.9.2009 (Core)
| Command      : upgrade_ip
| Device       : xcvm1802-vsva2197-2MP-e-S
-------------------------------------------------------------------------------------

Upgrade Log for IP 'design_1_emax6_0_0'

1. Summary
----------

SUCCESS in the conversion of design_1_emax6_0_0 (comparch:user:emax6:1.0 (Rev. 2)) to Vivado generation flows.






Copyright 1986-2021 Xilinx, Inc. All Rights Reserved.
-------------------------------------------------------------------------------------
| Tool Version : Vivado v.2021.2 (lin64) Build 3367213 Tue Oct 19 02:47:39 MDT 2021
| Date         : Thu Sep 22 12:34:55 2022
| Host         : cad111.naist.jp running 64-bit CentOS Linux release 7.9.2009 (Core)
| Command      : upgrade_ip
| Device       : xcvm1802-vsva2197-2MP-e-S
-------------------------------------------------------------------------------------

Upgrade Log for IP 'design_1_emax6_0_1'

1. Summary
----------

SUCCESS in the conversion of design_1_emax6_0_1 (comparch:user:emax6:1.0 (Rev. 2)) to Vivado generation flows.






Copyright 1986-2021 Xilinx, Inc. All Rights Reserved.
-------------------------------------------------------------------------------------
| Tool Version : Vivado v.2021.2 (lin64) Build 3367213 Tue Oct 19 02:47:39 MDT 2021
| Date         : Thu Sep 22 12:30:44 2022
| Host         : cad112.naist.jp running 64-bit CentOS Linux release 7.9.2009 (Core)
| Command      : upgrade_ip
| Device       : xcvm1802-vsva2197-2MP-e-S
-------------------------------------------------------------------------------------

Upgrade Log for IP 'design_1_emax6_0_1'

1. Summary
----------

SUCCESS in the conversion of design_1_emax6_0_1 (comparch:user:emax6:1.0 (Rev. 2)) to Vivado generation flows.






Copyright 1986-2021 Xilinx, Inc. All Rights Reserved.
-------------------------------------------------------------------------------------
| Tool Version : Vivado v.2021.2 (lin64) Build 3367213 Tue Oct 19 02:47:39 MDT 2021
| Date         : Thu Sep 22 12:22:31 2022
| Host         : cad112.naist.jp running 64-bit CentOS Linux release 7.9.2009 (Core)
| Command      : upgrade_ip
| Device       : xcvm1802-vsva2197-2MP-e-S
-------------------------------------------------------------------------------------

Upgrade Log for IP 'design_1_emax6_0_1'

1. Summary
----------

SUCCESS in the conversion of design_1_emax6_0_1 (comparch:user:emax6:1.0 (Rev. 2)) to Vivado generation flows.

